1767352236329|0|statement|connection 43|url jdbc:h2:mem:db74d7e3-b27d-4469-a00f-314f581359c1|     drop table if exists bookmark cascade |     drop table if exists bookmark cascade 
1767352236330|0|statement|connection 43|url jdbc:h2:mem:db74d7e3-b27d-4469-a00f-314f581359c1|     drop table if exists bookmark_folder cascade |     drop table if exists bookmark_folder cascade 
1767352236330|0|statement|connection 43|url jdbc:h2:mem:db74d7e3-b27d-4469-a00f-314f581359c1|     drop table if exists email_verification cascade |     drop table if exists email_verification cascade 
1767352236330|0|statement|connection 43|url jdbc:h2:mem:db74d7e3-b27d-4469-a00f-314f581359c1|     drop table if exists keyword cascade |     drop table if exists keyword cascade 
1767352236330|0|statement|connection 43|url jdbc:h2:mem:db74d7e3-b27d-4469-a00f-314f581359c1|     drop table if exists source cascade |     drop table if exists source cascade 
1767352236330|0|statement|connection 43|url jdbc:h2:mem:db74d7e3-b27d-4469-a00f-314f581359c1|     drop table if exists "user" cascade |     drop table if exists "user" cascade 
1767352236331|0|statement|connection 43|url jdbc:h2:mem:db74d7e3-b27d-4469-a00f-314f581359c1|     drop table if exists user_source cascade |     drop table if exists user_source cascade 
1767352293338|0|statement|connection 43|url jdbc:h2:mem:d1ce357d-1a55-493d-b0d5-77ff4b9b85f5|     drop table if exists bookmark cascade |     drop table if exists bookmark cascade 
1767352293339|0|statement|connection 43|url jdbc:h2:mem:d1ce357d-1a55-493d-b0d5-77ff4b9b85f5|     drop table if exists bookmark_folder cascade |     drop table if exists bookmark_folder cascade 
1767352293339|0|statement|connection 43|url jdbc:h2:mem:d1ce357d-1a55-493d-b0d5-77ff4b9b85f5|     drop table if exists email_verification cascade |     drop table if exists email_verification cascade 
1767352293339|0|statement|connection 43|url jdbc:h2:mem:d1ce357d-1a55-493d-b0d5-77ff4b9b85f5|     drop table if exists keyword cascade |     drop table if exists keyword cascade 
1767352293339|0|statement|connection 43|url jdbc:h2:mem:d1ce357d-1a55-493d-b0d5-77ff4b9b85f5|     drop table if exists source cascade |     drop table if exists source cascade 
1767352293340|0|statement|connection 43|url jdbc:h2:mem:d1ce357d-1a55-493d-b0d5-77ff4b9b85f5|     drop table if exists "user" cascade |     drop table if exists "user" cascade 
1767352293340|0|statement|connection 43|url jdbc:h2:mem:d1ce357d-1a55-493d-b0d5-77ff4b9b85f5|     drop table if exists user_source cascade |     drop table if exists user_source cascade 
1767352404956|0|statement|connection 43|url jdbc:h2:mem:b0651d8c-2c46-499d-bb07-7056807bb7ce|     drop table if exists bookmark cascade |     drop table if exists bookmark cascade 
1767352404957|0|statement|connection 43|url jdbc:h2:mem:b0651d8c-2c46-499d-bb07-7056807bb7ce|     drop table if exists bookmark_folder cascade |     drop table if exists bookmark_folder cascade 
1767352404957|0|statement|connection 43|url jdbc:h2:mem:b0651d8c-2c46-499d-bb07-7056807bb7ce|     drop table if exists email_verification cascade |     drop table if exists email_verification cascade 
1767352404958|0|statement|connection 43|url jdbc:h2:mem:b0651d8c-2c46-499d-bb07-7056807bb7ce|     drop table if exists keyword cascade |     drop table if exists keyword cascade 
1767352404958|0|statement|connection 43|url jdbc:h2:mem:b0651d8c-2c46-499d-bb07-7056807bb7ce|     drop table if exists source cascade |     drop table if exists source cascade 
1767352404958|0|statement|connection 43|url jdbc:h2:mem:b0651d8c-2c46-499d-bb07-7056807bb7ce|     drop table if exists "user" cascade |     drop table if exists "user" cascade 
1767352404958|0|statement|connection 43|url jdbc:h2:mem:b0651d8c-2c46-499d-bb07-7056807bb7ce|     drop table if exists user_source cascade |     drop table if exists user_source cascade 
1767352867169|0|statement|connection 43|url jdbc:h2:mem:50c8fd92-f3a9-4925-863d-8e2ab5366778|     drop table if exists bookmark cascade |     drop table if exists bookmark cascade 
1767352867170|0|statement|connection 43|url jdbc:h2:mem:50c8fd92-f3a9-4925-863d-8e2ab5366778|     drop table if exists bookmark_folder cascade |     drop table if exists bookmark_folder cascade 
1767352867170|0|statement|connection 43|url jdbc:h2:mem:50c8fd92-f3a9-4925-863d-8e2ab5366778|     drop table if exists email_verification cascade |     drop table if exists email_verification cascade 
1767352867170|0|statement|connection 43|url jdbc:h2:mem:50c8fd92-f3a9-4925-863d-8e2ab5366778|     drop table if exists keyword cascade |     drop table if exists keyword cascade 
1767352867170|0|statement|connection 43|url jdbc:h2:mem:50c8fd92-f3a9-4925-863d-8e2ab5366778|     drop table if exists source cascade |     drop table if exists source cascade 
1767352867171|0|statement|connection 43|url jdbc:h2:mem:50c8fd92-f3a9-4925-863d-8e2ab5366778|     drop table if exists "user" cascade |     drop table if exists "user" cascade 
1767352867171|0|statement|connection 43|url jdbc:h2:mem:50c8fd92-f3a9-4925-863d-8e2ab5366778|     drop table if exists user_source cascade |     drop table if exists user_source cascade 
1767352999953|0|statement|connection 43|url jdbc:h2:mem:7592cb13-af50-4db9-baeb-f0e423ebbc65|     drop table if exists bookmark cascade |     drop table if exists bookmark cascade 
1767352999954|0|statement|connection 43|url jdbc:h2:mem:7592cb13-af50-4db9-baeb-f0e423ebbc65|     drop table if exists bookmark_folder cascade |     drop table if exists bookmark_folder cascade 
1767352999954|0|statement|connection 43|url jdbc:h2:mem:7592cb13-af50-4db9-baeb-f0e423ebbc65|     drop table if exists email_verification cascade |     drop table if exists email_verification cascade 
1767352999955|0|statement|connection 43|url jdbc:h2:mem:7592cb13-af50-4db9-baeb-f0e423ebbc65|     drop table if exists keyword cascade |     drop table if exists keyword cascade 
1767352999955|0|statement|connection 43|url jdbc:h2:mem:7592cb13-af50-4db9-baeb-f0e423ebbc65|     drop table if exists source cascade |     drop table if exists source cascade 
1767352999955|0|statement|connection 43|url jdbc:h2:mem:7592cb13-af50-4db9-baeb-f0e423ebbc65|     drop table if exists "user" cascade |     drop table if exists "user" cascade 
1767352999956|0|statement|connection 43|url jdbc:h2:mem:7592cb13-af50-4db9-baeb-f0e423ebbc65|     drop table if exists user_source cascade |     drop table if exists user_source cascade 
1767353038981|0|statement|connection 43|url jdbc:h2:mem:b3583af4-a79b-4da7-9d07-85caef8a44fb|     drop table if exists bookmark cascade |     drop table if exists bookmark cascade 
1767353038982|0|statement|connection 43|url jdbc:h2:mem:b3583af4-a79b-4da7-9d07-85caef8a44fb|     drop table if exists bookmark_folder cascade |     drop table if exists bookmark_folder cascade 
1767353038982|0|statement|connection 43|url jdbc:h2:mem:b3583af4-a79b-4da7-9d07-85caef8a44fb|     drop table if exists email_verification cascade |     drop table if exists email_verification cascade 
1767353038983|0|statement|connection 43|url jdbc:h2:mem:b3583af4-a79b-4da7-9d07-85caef8a44fb|     drop table if exists keyword cascade |     drop table if exists keyword cascade 
1767353038983|0|statement|connection 43|url jdbc:h2:mem:b3583af4-a79b-4da7-9d07-85caef8a44fb|     drop table if exists source cascade |     drop table if exists source cascade 
1767353038983|0|statement|connection 43|url jdbc:h2:mem:b3583af4-a79b-4da7-9d07-85caef8a44fb|     drop table if exists "user" cascade |     drop table if exists "user" cascade 
1767353038983|0|statement|connection 43|url jdbc:h2:mem:b3583af4-a79b-4da7-9d07-85caef8a44fb|     drop table if exists user_source cascade |     drop table if exists user_source cascade 
1767354812908|0|statement|connection 43|url jdbc:h2:mem:34faa02e-f7f6-4fd7-9765-bce1b0e181c6|     drop table if exists bookmark cascade |     drop table if exists bookmark cascade 
1767354812909|0|statement|connection 43|url jdbc:h2:mem:34faa02e-f7f6-4fd7-9765-bce1b0e181c6|     drop table if exists bookmark_folder cascade |     drop table if exists bookmark_folder cascade 
1767354812909|0|statement|connection 43|url jdbc:h2:mem:34faa02e-f7f6-4fd7-9765-bce1b0e181c6|     drop table if exists email_verification cascade |     drop table if exists email_verification cascade 
1767354812910|0|statement|connection 43|url jdbc:h2:mem:34faa02e-f7f6-4fd7-9765-bce1b0e181c6|     drop table if exists keyword cascade |     drop table if exists keyword cascade 
1767354812910|0|statement|connection 43|url jdbc:h2:mem:34faa02e-f7f6-4fd7-9765-bce1b0e181c6|     drop table if exists source cascade |     drop table if exists source cascade 
1767354812910|0|statement|connection 43|url jdbc:h2:mem:34faa02e-f7f6-4fd7-9765-bce1b0e181c6|     drop table if exists "user" cascade |     drop table if exists "user" cascade 
1767354812910|0|statement|connection 43|url jdbc:h2:mem:34faa02e-f7f6-4fd7-9765-bce1b0e181c6|     drop table if exists user_source cascade |     drop table if exists user_source cascade 
1767416885724|0|statement|connection 43|url jdbc:h2:mem:816240ca-24a5-4e90-8e24-099deefb31ab|     drop table if exists bookmark cascade |     drop table if exists bookmark cascade 
1767416885724|0|statement|connection 43|url jdbc:h2:mem:816240ca-24a5-4e90-8e24-099deefb31ab|     drop table if exists bookmark_folder cascade |     drop table if exists bookmark_folder cascade 
1767416885724|0|statement|connection 43|url jdbc:h2:mem:816240ca-24a5-4e90-8e24-099deefb31ab|     drop table if exists email_verification cascade |     drop table if exists email_verification cascade 
1767416885725|0|statement|connection 43|url jdbc:h2:mem:816240ca-24a5-4e90-8e24-099deefb31ab|     drop table if exists keyword cascade |     drop table if exists keyword cascade 
1767416885725|0|statement|connection 43|url jdbc:h2:mem:816240ca-24a5-4e90-8e24-099deefb31ab|     drop table if exists source cascade |     drop table if exists source cascade 
1767416885725|0|statement|connection 43|url jdbc:h2:mem:816240ca-24a5-4e90-8e24-099deefb31ab|     drop table if exists "user" cascade |     drop table if exists "user" cascade 
1767416885725|0|statement|connection 43|url jdbc:h2:mem:816240ca-24a5-4e90-8e24-099deefb31ab|     drop table if exists user_source cascade |     drop table if exists user_source cascade 
1767453096819|0|statement|connection 43|url jdbc:h2:mem:e870072e-7fb6-456b-9fd4-4a168a69e41d|     drop table if exists bookmark cascade |     drop table if exists bookmark cascade 
1767453096820|0|statement|connection 43|url jdbc:h2:mem:e870072e-7fb6-456b-9fd4-4a168a69e41d|     drop table if exists bookmark_folder cascade |     drop table if exists bookmark_folder cascade 
1767453096820|0|statement|connection 43|url jdbc:h2:mem:e870072e-7fb6-456b-9fd4-4a168a69e41d|     drop table if exists email_verification cascade |     drop table if exists email_verification cascade 
1767453096820|0|statement|connection 43|url jdbc:h2:mem:e870072e-7fb6-456b-9fd4-4a168a69e41d|     drop table if exists keyword cascade |     drop table if exists keyword cascade 
1767453096821|0|statement|connection 43|url jdbc:h2:mem:e870072e-7fb6-456b-9fd4-4a168a69e41d|     drop table if exists source cascade |     drop table if exists source cascade 
1767453096821|0|statement|connection 43|url jdbc:h2:mem:e870072e-7fb6-456b-9fd4-4a168a69e41d|     drop table if exists "user" cascade |     drop table if exists "user" cascade 
1767453096821|0|statement|connection 43|url jdbc:h2:mem:e870072e-7fb6-456b-9fd4-4a168a69e41d|     drop table if exists user_source cascade |     drop table if exists user_source cascade 
1767502149693|0|statement|connection 43|url jdbc:h2:mem:f3709a19-4e28-4afb-91e5-911edf427520|     drop table if exists bookmark cascade |     drop table if exists bookmark cascade 
1767502149694|0|statement|connection 43|url jdbc:h2:mem:f3709a19-4e28-4afb-91e5-911edf427520|     drop table if exists bookmark_folder cascade |     drop table if exists bookmark_folder cascade 
1767502149694|0|statement|connection 43|url jdbc:h2:mem:f3709a19-4e28-4afb-91e5-911edf427520|     drop table if exists email_verification cascade |     drop table if exists email_verification cascade 
1767502149694|0|statement|connection 43|url jdbc:h2:mem:f3709a19-4e28-4afb-91e5-911edf427520|     drop table if exists keyword cascade |     drop table if exists keyword cascade 
1767502149695|0|statement|connection 43|url jdbc:h2:mem:f3709a19-4e28-4afb-91e5-911edf427520|     drop table if exists source cascade |     drop table if exists source cascade 
1767502149695|0|statement|connection 43|url jdbc:h2:mem:f3709a19-4e28-4afb-91e5-911edf427520|     drop table if exists "user" cascade |     drop table if exists "user" cascade 
1767502149695|0|statement|connection 43|url jdbc:h2:mem:f3709a19-4e28-4afb-91e5-911edf427520|     drop table if exists user_source cascade |     drop table if exists user_source cascade 
1767665888925|0|statement|connection 43|url jdbc:h2:mem:9af5aaed-52f8-4ad6-80e9-2d2a6ee52ce8|     drop table if exists bookmark cascade |     drop table if exists bookmark cascade 
1767665888926|0|statement|connection 43|url jdbc:h2:mem:9af5aaed-52f8-4ad6-80e9-2d2a6ee52ce8|     drop table if exists bookmark_folder cascade |     drop table if exists bookmark_folder cascade 
1767665888927|0|statement|connection 43|url jdbc:h2:mem:9af5aaed-52f8-4ad6-80e9-2d2a6ee52ce8|     drop table if exists email_verification cascade |     drop table if exists email_verification cascade 
1767665888927|0|statement|connection 43|url jdbc:h2:mem:9af5aaed-52f8-4ad6-80e9-2d2a6ee52ce8|     drop table if exists keyword cascade |     drop table if exists keyword cascade 
1767665888928|0|statement|connection 43|url jdbc:h2:mem:9af5aaed-52f8-4ad6-80e9-2d2a6ee52ce8|     drop table if exists source cascade |     drop table if exists source cascade 
1767665888929|0|statement|connection 43|url jdbc:h2:mem:9af5aaed-52f8-4ad6-80e9-2d2a6ee52ce8|     drop table if exists "user" cascade |     drop table if exists "user" cascade 
1767665888930|0|statement|connection 43|url jdbc:h2:mem:9af5aaed-52f8-4ad6-80e9-2d2a6ee52ce8|     drop table if exists user_source cascade |     drop table if exists user_source cascade 
1767666339681|0|statement|connection 43|url jdbc:h2:mem:57f12ef8-6eb3-4cce-95f3-faf366a26a42|     drop table if exists bookmark cascade |     drop table if exists bookmark cascade 
1767666339683|0|statement|connection 43|url jdbc:h2:mem:57f12ef8-6eb3-4cce-95f3-faf366a26a42|     drop table if exists bookmark_folder cascade |     drop table if exists bookmark_folder cascade 
1767666339684|0|statement|connection 43|url jdbc:h2:mem:57f12ef8-6eb3-4cce-95f3-faf366a26a42|     drop table if exists email_verification cascade |     drop table if exists email_verification cascade 
1767666339684|0|statement|connection 43|url jdbc:h2:mem:57f12ef8-6eb3-4cce-95f3-faf366a26a42|     drop table if exists keyword cascade |     drop table if exists keyword cascade 
1767666339685|0|statement|connection 43|url jdbc:h2:mem:57f12ef8-6eb3-4cce-95f3-faf366a26a42|     drop table if exists source cascade |     drop table if exists source cascade 
1767666339685|0|statement|connection 43|url jdbc:h2:mem:57f12ef8-6eb3-4cce-95f3-faf366a26a42|     drop table if exists "user" cascade |     drop table if exists "user" cascade 
1767666339686|0|statement|connection 43|url jdbc:h2:mem:57f12ef8-6eb3-4cce-95f3-faf366a26a42|     drop table if exists user_source cascade |     drop table if exists user_source cascade 
1767667395139|0|statement|connection 43|url jdbc:h2:mem:58e06e75-33b3-4637-a112-16acb32b43e6|     drop table if exists bookmark cascade |     drop table if exists bookmark cascade 
1767667395142|0|statement|connection 43|url jdbc:h2:mem:58e06e75-33b3-4637-a112-16acb32b43e6|     drop table if exists bookmark_folder cascade |     drop table if exists bookmark_folder cascade 
1767667395142|0|statement|connection 43|url jdbc:h2:mem:58e06e75-33b3-4637-a112-16acb32b43e6|     drop table if exists email_verification cascade |     drop table if exists email_verification cascade 
1767667395143|0|statement|connection 43|url jdbc:h2:mem:58e06e75-33b3-4637-a112-16acb32b43e6|     drop table if exists keyword cascade |     drop table if exists keyword cascade 
1767667395143|0|statement|connection 43|url jdbc:h2:mem:58e06e75-33b3-4637-a112-16acb32b43e6|     drop table if exists source cascade |     drop table if exists source cascade 
1767667395144|0|statement|connection 43|url jdbc:h2:mem:58e06e75-33b3-4637-a112-16acb32b43e6|     drop table if exists "user" cascade |     drop table if exists "user" cascade 
1767667395144|0|statement|connection 43|url jdbc:h2:mem:58e06e75-33b3-4637-a112-16acb32b43e6|     drop table if exists user_source cascade |     drop table if exists user_source cascade 
1767668702023|0|statement|connection 43|url jdbc:h2:mem:a7489872-1339-4023-ac87-f068f7ba7987|     drop table if exists bookmark cascade |     drop table if exists bookmark cascade 
1767668702023|0|statement|connection 43|url jdbc:h2:mem:a7489872-1339-4023-ac87-f068f7ba7987|     drop table if exists bookmark_folder cascade |     drop table if exists bookmark_folder cascade 
1767668702024|0|statement|connection 43|url jdbc:h2:mem:a7489872-1339-4023-ac87-f068f7ba7987|     drop table if exists email_verification cascade |     drop table if exists email_verification cascade 
1767668702024|0|statement|connection 43|url jdbc:h2:mem:a7489872-1339-4023-ac87-f068f7ba7987|     drop table if exists keyword cascade |     drop table if exists keyword cascade 
1767668702024|0|statement|connection 43|url jdbc:h2:mem:a7489872-1339-4023-ac87-f068f7ba7987|     drop table if exists source cascade |     drop table if exists source cascade 
1767668702024|0|statement|connection 43|url jdbc:h2:mem:a7489872-1339-4023-ac87-f068f7ba7987|     drop table if exists "user" cascade |     drop table if exists "user" cascade 
1767668702025|0|statement|connection 43|url jdbc:h2:mem:a7489872-1339-4023-ac87-f068f7ba7987|     drop table if exists user_source cascade |     drop table if exists user_source cascade 
1767678988091|1|statement|connection 43|url jdbc:h2:mem:40f8c525-dbf7-4218-82dd-de4c566ef534|     drop table if exists bookmark cascade |     drop table if exists bookmark cascade 
1767678988092|0|statement|connection 43|url jdbc:h2:mem:40f8c525-dbf7-4218-82dd-de4c566ef534|     drop table if exists bookmark_folder cascade |     drop table if exists bookmark_folder cascade 
1767678988092|0|statement|connection 43|url jdbc:h2:mem:40f8c525-dbf7-4218-82dd-de4c566ef534|     drop table if exists email_verification cascade |     drop table if exists email_verification cascade 
1767678988092|0|statement|connection 43|url jdbc:h2:mem:40f8c525-dbf7-4218-82dd-de4c566ef534|     drop table if exists keyword cascade |     drop table if exists keyword cascade 
1767678988093|0|statement|connection 43|url jdbc:h2:mem:40f8c525-dbf7-4218-82dd-de4c566ef534|     drop table if exists source cascade |     drop table if exists source cascade 
1767678988093|0|statement|connection 43|url jdbc:h2:mem:40f8c525-dbf7-4218-82dd-de4c566ef534|     drop table if exists "user" cascade |     drop table if exists "user" cascade 
1767678988093|0|statement|connection 43|url jdbc:h2:mem:40f8c525-dbf7-4218-82dd-de4c566ef534|     drop table if exists user_source cascade |     drop table if exists user_source cascade 
1767679364617|0|statement|connection 43|url jdbc:h2:mem:ebe4c825-74e6-47dd-bf80-159dcc70bf0c|     drop table if exists bookmark cascade |     drop table if exists bookmark cascade 
1767679364618|0|statement|connection 43|url jdbc:h2:mem:ebe4c825-74e6-47dd-bf80-159dcc70bf0c|     drop table if exists bookmark_folder cascade |     drop table if exists bookmark_folder cascade 
1767679364618|0|statement|connection 43|url jdbc:h2:mem:ebe4c825-74e6-47dd-bf80-159dcc70bf0c|     drop table if exists email_verification cascade |     drop table if exists email_verification cascade 
1767679364618|0|statement|connection 43|url jdbc:h2:mem:ebe4c825-74e6-47dd-bf80-159dcc70bf0c|     drop table if exists keyword cascade |     drop table if exists keyword cascade 
1767679364619|0|statement|connection 43|url jdbc:h2:mem:ebe4c825-74e6-47dd-bf80-159dcc70bf0c|     drop table if exists source cascade |     drop table if exists source cascade 
1767679364619|0|statement|connection 43|url jdbc:h2:mem:ebe4c825-74e6-47dd-bf80-159dcc70bf0c|     drop table if exists "user" cascade |     drop table if exists "user" cascade 
1767679364619|0|statement|connection 43|url jdbc:h2:mem:ebe4c825-74e6-47dd-bf80-159dcc70bf0c|     drop table if exists user_source cascade |     drop table if exists user_source cascade 
1767683738015|0|statement|connection 43|url jdbc:h2:mem:0c21949a-57c4-4198-a2e0-9949daa54987|     drop table if exists bookmark cascade |     drop table if exists bookmark cascade 
1767683738016|0|statement|connection 43|url jdbc:h2:mem:0c21949a-57c4-4198-a2e0-9949daa54987|     drop table if exists bookmark_folder cascade |     drop table if exists bookmark_folder cascade 
1767683738016|0|statement|connection 43|url jdbc:h2:mem:0c21949a-57c4-4198-a2e0-9949daa54987|     drop table if exists email_verification cascade |     drop table if exists email_verification cascade 
1767683738017|0|statement|connection 43|url jdbc:h2:mem:0c21949a-57c4-4198-a2e0-9949daa54987|     drop table if exists keyword cascade |     drop table if exists keyword cascade 
1767683738017|0|statement|connection 43|url jdbc:h2:mem:0c21949a-57c4-4198-a2e0-9949daa54987|     drop table if exists source cascade |     drop table if exists source cascade 
1767683738017|0|statement|connection 43|url jdbc:h2:mem:0c21949a-57c4-4198-a2e0-9949daa54987|     drop table if exists "user" cascade |     drop table if exists "user" cascade 
1767683738017|0|statement|connection 43|url jdbc:h2:mem:0c21949a-57c4-4198-a2e0-9949daa54987|     drop table if exists user_source cascade |     drop table if exists user_source cascade 
1767684090507|0|statement|connection 43|url jdbc:h2:mem:5ec6dcc2-33a9-463f-9bc7-cea08052d004|     drop table if exists bookmark cascade |     drop table if exists bookmark cascade 
1767684090508|0|statement|connection 43|url jdbc:h2:mem:5ec6dcc2-33a9-463f-9bc7-cea08052d004|     drop table if exists bookmark_folder cascade |     drop table if exists bookmark_folder cascade 
1767684090509|0|statement|connection 43|url jdbc:h2:mem:5ec6dcc2-33a9-463f-9bc7-cea08052d004|     drop table if exists email_verification cascade |     drop table if exists email_verification cascade 
1767684090509|0|statement|connection 43|url jdbc:h2:mem:5ec6dcc2-33a9-463f-9bc7-cea08052d004|     drop table if exists keyword cascade |     drop table if exists keyword cascade 
1767684090509|0|statement|connection 43|url jdbc:h2:mem:5ec6dcc2-33a9-463f-9bc7-cea08052d004|     drop table if exists source cascade |     drop table if exists source cascade 
1767684090509|0|statement|connection 43|url jdbc:h2:mem:5ec6dcc2-33a9-463f-9bc7-cea08052d004|     drop table if exists "user" cascade |     drop table if exists "user" cascade 
1767684090509|0|statement|connection 43|url jdbc:h2:mem:5ec6dcc2-33a9-463f-9bc7-cea08052d004|     drop table if exists user_source cascade |     drop table if exists user_source cascade 
1767684316564|1|statement|connection 43|url jdbc:h2:mem:840b1ef6-7de0-4367-91e1-3a0f775f055f|     drop table if exists bookmark cascade |     drop table if exists bookmark cascade 
1767684316566|0|statement|connection 43|url jdbc:h2:mem:840b1ef6-7de0-4367-91e1-3a0f775f055f|     drop table if exists bookmark_folder cascade |     drop table if exists bookmark_folder cascade 
1767684316566|0|statement|connection 43|url jdbc:h2:mem:840b1ef6-7de0-4367-91e1-3a0f775f055f|     drop table if exists email_verification cascade |     drop table if exists email_verification cascade 
1767684316567|0|statement|connection 43|url jdbc:h2:mem:840b1ef6-7de0-4367-91e1-3a0f775f055f|     drop table if exists keyword cascade |     drop table if exists keyword cascade 
1767684316567|0|statement|connection 43|url jdbc:h2:mem:840b1ef6-7de0-4367-91e1-3a0f775f055f|     drop table if exists source cascade |     drop table if exists source cascade 
1767684316568|0|statement|connection 43|url jdbc:h2:mem:840b1ef6-7de0-4367-91e1-3a0f775f055f|     drop table if exists "user" cascade |     drop table if exists "user" cascade 
1767684316568|0|statement|connection 43|url jdbc:h2:mem:840b1ef6-7de0-4367-91e1-3a0f775f055f|     drop table if exists user_source cascade |     drop table if exists user_source cascade 
1767870602369|2|statement|connection 43|url jdbc:h2:mem:56c383cc-9dd8-42f6-9aab-090d19c89237|     drop table if exists bookmark cascade |     drop table if exists bookmark cascade 
1767870602372|1|statement|connection 43|url jdbc:h2:mem:56c383cc-9dd8-42f6-9aab-090d19c89237|     drop table if exists bookmark_folder cascade |     drop table if exists bookmark_folder cascade 
1767870602372|0|statement|connection 43|url jdbc:h2:mem:56c383cc-9dd8-42f6-9aab-090d19c89237|     drop table if exists email_verification cascade |     drop table if exists email_verification cascade 
1767870602373|0|statement|connection 43|url jdbc:h2:mem:56c383cc-9dd8-42f6-9aab-090d19c89237|     drop table if exists keyword cascade |     drop table if exists keyword cascade 
1767870602373|0|statement|connection 43|url jdbc:h2:mem:56c383cc-9dd8-42f6-9aab-090d19c89237|     drop table if exists source cascade |     drop table if exists source cascade 
1767870602373|0|statement|connection 43|url jdbc:h2:mem:56c383cc-9dd8-42f6-9aab-090d19c89237|     drop table if exists "user" cascade |     drop table if exists "user" cascade 
1767870602373|0|statement|connection 43|url jdbc:h2:mem:56c383cc-9dd8-42f6-9aab-090d19c89237|     drop table if exists user_source cascade |     drop table if exists user_source cascade 
1767870729963|0|statement|connection 43|url jdbc:h2:mem:b14330d7-1bbd-4c5a-a95a-8300bf0a7c08|     drop table if exists bookmark cascade |     drop table if exists bookmark cascade 
1767870729964|0|statement|connection 43|url jdbc:h2:mem:b14330d7-1bbd-4c5a-a95a-8300bf0a7c08|     drop table if exists bookmark_folder cascade |     drop table if exists bookmark_folder cascade 
1767870729964|0|statement|connection 43|url jdbc:h2:mem:b14330d7-1bbd-4c5a-a95a-8300bf0a7c08|     drop table if exists email_verification cascade |     drop table if exists email_verification cascade 
1767870729964|0|statement|connection 43|url jdbc:h2:mem:b14330d7-1bbd-4c5a-a95a-8300bf0a7c08|     drop table if exists keyword cascade |     drop table if exists keyword cascade 
1767870729964|0|statement|connection 43|url jdbc:h2:mem:b14330d7-1bbd-4c5a-a95a-8300bf0a7c08|     drop table if exists source cascade |     drop table if exists source cascade 
1767870729965|0|statement|connection 43|url jdbc:h2:mem:b14330d7-1bbd-4c5a-a95a-8300bf0a7c08|     drop table if exists "user" cascade |     drop table if exists "user" cascade 
1767870729965|0|statement|connection 43|url jdbc:h2:mem:b14330d7-1bbd-4c5a-a95a-8300bf0a7c08|     drop table if exists user_source cascade |     drop table if exists user_source cascade 
1768214325574|0|statement|connection 43|url jdbc:h2:mem:bb45d6ac-ae41-4dd9-9c50-6792fe77eb86|     drop table if exists bookmark cascade |     drop table if exists bookmark cascade 
1768214325575|0|statement|connection 43|url jdbc:h2:mem:bb45d6ac-ae41-4dd9-9c50-6792fe77eb86|     drop table if exists bookmark_folder cascade |     drop table if exists bookmark_folder cascade 
1768214325576|0|statement|connection 43|url jdbc:h2:mem:bb45d6ac-ae41-4dd9-9c50-6792fe77eb86|     drop table if exists email_verification cascade |     drop table if exists email_verification cascade 
1768214325576|0|statement|connection 43|url jdbc:h2:mem:bb45d6ac-ae41-4dd9-9c50-6792fe77eb86|     drop table if exists keyword cascade |     drop table if exists keyword cascade 
1768214325576|0|statement|connection 43|url jdbc:h2:mem:bb45d6ac-ae41-4dd9-9c50-6792fe77eb86|     drop table if exists source cascade |     drop table if exists source cascade 
1768214325576|0|statement|connection 43|url jdbc:h2:mem:bb45d6ac-ae41-4dd9-9c50-6792fe77eb86|     drop table if exists "user" cascade |     drop table if exists "user" cascade 
1768214325577|0|statement|connection 43|url jdbc:h2:mem:bb45d6ac-ae41-4dd9-9c50-6792fe77eb86|     drop table if exists user_source cascade |     drop table if exists user_source cascade 
1768215208965|1|statement|connection 43|url jdbc:h2:mem:ee1eb169-06cf-484d-8795-b7f0649ecea0|     drop table if exists bookmark cascade |     drop table if exists bookmark cascade 
1768215208966|0|statement|connection 43|url jdbc:h2:mem:ee1eb169-06cf-484d-8795-b7f0649ecea0|     drop table if exists bookmark_folder cascade |     drop table if exists bookmark_folder cascade 
1768215208967|0|statement|connection 43|url jdbc:h2:mem:ee1eb169-06cf-484d-8795-b7f0649ecea0|     drop table if exists email_verification cascade |     drop table if exists email_verification cascade 
1768215208968|0|statement|connection 43|url jdbc:h2:mem:ee1eb169-06cf-484d-8795-b7f0649ecea0|     drop table if exists keyword cascade |     drop table if exists keyword cascade 
1768215208968|0|statement|connection 43|url jdbc:h2:mem:ee1eb169-06cf-484d-8795-b7f0649ecea0|     drop table if exists source cascade |     drop table if exists source cascade 
1768215208969|0|statement|connection 43|url jdbc:h2:mem:ee1eb169-06cf-484d-8795-b7f0649ecea0|     drop table if exists "user" cascade |     drop table if exists "user" cascade 
1768215208969|0|statement|connection 43|url jdbc:h2:mem:ee1eb169-06cf-484d-8795-b7f0649ecea0|     drop table if exists user_source cascade |     drop table if exists user_source cascade 
1768215492123|0|statement|connection 43|url jdbc:h2:mem:080ed8ff-81d1-4c28-85ec-c6836826bcb5|     drop table if exists bookmark cascade |     drop table if exists bookmark cascade 
1768215492124|0|statement|connection 43|url jdbc:h2:mem:080ed8ff-81d1-4c28-85ec-c6836826bcb5|     drop table if exists bookmark_folder cascade |     drop table if exists bookmark_folder cascade 
1768215492124|0|statement|connection 43|url jdbc:h2:mem:080ed8ff-81d1-4c28-85ec-c6836826bcb5|     drop table if exists email_verification cascade |     drop table if exists email_verification cascade 
1768215492124|0|statement|connection 43|url jdbc:h2:mem:080ed8ff-81d1-4c28-85ec-c6836826bcb5|     drop table if exists keyword cascade |     drop table if exists keyword cascade 
1768215492124|0|statement|connection 43|url jdbc:h2:mem:080ed8ff-81d1-4c28-85ec-c6836826bcb5|     drop table if exists source cascade |     drop table if exists source cascade 
1768215492125|0|statement|connection 43|url jdbc:h2:mem:080ed8ff-81d1-4c28-85ec-c6836826bcb5|     drop table if exists "user" cascade |     drop table if exists "user" cascade 
1768215492125|0|statement|connection 43|url jdbc:h2:mem:080ed8ff-81d1-4c28-85ec-c6836826bcb5|     drop table if exists user_source cascade |     drop table if exists user_source cascade 
1768217782961|3|statement|connection 43|url jdbc:h2:mem:6813d9bf-d3b9-4bb2-9f4e-a0ca23d0a28f|     drop table if exists bookmark cascade |     drop table if exists bookmark cascade 
1768217782964|1|statement|connection 43|url jdbc:h2:mem:6813d9bf-d3b9-4bb2-9f4e-a0ca23d0a28f|     drop table if exists bookmark_folder cascade |     drop table if exists bookmark_folder cascade 
1768217782964|0|statement|connection 43|url jdbc:h2:mem:6813d9bf-d3b9-4bb2-9f4e-a0ca23d0a28f|     drop table if exists email_verification cascade |     drop table if exists email_verification cascade 
1768217782965|0|statement|connection 43|url jdbc:h2:mem:6813d9bf-d3b9-4bb2-9f4e-a0ca23d0a28f|     drop table if exists keyword cascade |     drop table if exists keyword cascade 
1768217782965|0|statement|connection 43|url jdbc:h2:mem:6813d9bf-d3b9-4bb2-9f4e-a0ca23d0a28f|     drop table if exists source cascade |     drop table if exists source cascade 
1768217782966|0|statement|connection 43|url jdbc:h2:mem:6813d9bf-d3b9-4bb2-9f4e-a0ca23d0a28f|     drop table if exists "user" cascade |     drop table if exists "user" cascade 
1768217782967|0|statement|connection 43|url jdbc:h2:mem:6813d9bf-d3b9-4bb2-9f4e-a0ca23d0a28f|     drop table if exists user_source cascade |     drop table if exists user_source cascade 
1768219483040|0|statement|connection 43|url jdbc:h2:mem:29636ff1-4bb5-4e6b-a852-1a4c9f74e547|     drop table if exists bookmark cascade |     drop table if exists bookmark cascade 
1768219483041|0|statement|connection 43|url jdbc:h2:mem:29636ff1-4bb5-4e6b-a852-1a4c9f74e547|     drop table if exists bookmark_folder cascade |     drop table if exists bookmark_folder cascade 
1768219483042|0|statement|connection 43|url jdbc:h2:mem:29636ff1-4bb5-4e6b-a852-1a4c9f74e547|     drop table if exists email_verification cascade |     drop table if exists email_verification cascade 
1768219483042|0|statement|connection 43|url jdbc:h2:mem:29636ff1-4bb5-4e6b-a852-1a4c9f74e547|     drop table if exists keyword cascade |     drop table if exists keyword cascade 
1768219483043|0|statement|connection 43|url jdbc:h2:mem:29636ff1-4bb5-4e6b-a852-1a4c9f74e547|     drop table if exists source cascade |     drop table if exists source cascade 
1768219483043|0|statement|connection 43|url jdbc:h2:mem:29636ff1-4bb5-4e6b-a852-1a4c9f74e547|     drop table if exists "user" cascade |     drop table if exists "user" cascade 
1768219483044|0|statement|connection 43|url jdbc:h2:mem:29636ff1-4bb5-4e6b-a852-1a4c9f74e547|     drop table if exists user_source cascade |     drop table if exists user_source cascade 
1768220464407|1|statement|connection 43|url jdbc:h2:mem:dfa5088b-b49b-4aff-a3fb-b4d06681d063|     drop table if exists bookmark cascade |     drop table if exists bookmark cascade 
1768220464409|0|statement|connection 43|url jdbc:h2:mem:dfa5088b-b49b-4aff-a3fb-b4d06681d063|     drop table if exists bookmark_folder cascade |     drop table if exists bookmark_folder cascade 
1768220464409|0|statement|connection 43|url jdbc:h2:mem:dfa5088b-b49b-4aff-a3fb-b4d06681d063|     drop table if exists email_verification cascade |     drop table if exists email_verification cascade 
1768220464410|0|statement|connection 43|url jdbc:h2:mem:dfa5088b-b49b-4aff-a3fb-b4d06681d063|     drop table if exists keyword cascade |     drop table if exists keyword cascade 
1768220464410|0|statement|connection 43|url jdbc:h2:mem:dfa5088b-b49b-4aff-a3fb-b4d06681d063|     drop table if exists source cascade |     drop table if exists source cascade 
1768220464411|0|statement|connection 43|url jdbc:h2:mem:dfa5088b-b49b-4aff-a3fb-b4d06681d063|     drop table if exists "user" cascade |     drop table if exists "user" cascade 
1768220464411|0|statement|connection 43|url jdbc:h2:mem:dfa5088b-b49b-4aff-a3fb-b4d06681d063|     drop table if exists user_source cascade |     drop table if exists user_source cascade 
1768221385823|1|statement|connection 43|url jdbc:h2:mem:642fe1b2-2094-434f-967b-ea3975848135|     drop table if exists bookmark cascade |     drop table if exists bookmark cascade 
1768221385825|0|statement|connection 43|url jdbc:h2:mem:642fe1b2-2094-434f-967b-ea3975848135|     drop table if exists bookmark_folder cascade |     drop table if exists bookmark_folder cascade 
1768221385825|0|statement|connection 43|url jdbc:h2:mem:642fe1b2-2094-434f-967b-ea3975848135|     drop table if exists email_verification cascade |     drop table if exists email_verification cascade 
1768221385826|0|statement|connection 43|url jdbc:h2:mem:642fe1b2-2094-434f-967b-ea3975848135|     drop table if exists keyword cascade |     drop table if exists keyword cascade 
1768221385827|0|statement|connection 43|url jdbc:h2:mem:642fe1b2-2094-434f-967b-ea3975848135|     drop table if exists source cascade |     drop table if exists source cascade 
1768221385827|0|statement|connection 43|url jdbc:h2:mem:642fe1b2-2094-434f-967b-ea3975848135|     drop table if exists "user" cascade |     drop table if exists "user" cascade 
1768221385827|0|statement|connection 43|url jdbc:h2:mem:642fe1b2-2094-434f-967b-ea3975848135|     drop table if exists user_source cascade |     drop table if exists user_source cascade 
1768222213320|1|statement|connection 43|url jdbc:h2:mem:cc2b0dc4-79e4-42c3-be53-b40ccc0d351e|     drop table if exists bookmark cascade |     drop table if exists bookmark cascade 
1768222213324|1|statement|connection 43|url jdbc:h2:mem:cc2b0dc4-79e4-42c3-be53-b40ccc0d351e|     drop table if exists bookmark_folder cascade |     drop table if exists bookmark_folder cascade 
1768222213324|0|statement|connection 43|url jdbc:h2:mem:cc2b0dc4-79e4-42c3-be53-b40ccc0d351e|     drop table if exists email_verification cascade |     drop table if exists email_verification cascade 
1768222213324|0|statement|connection 43|url jdbc:h2:mem:cc2b0dc4-79e4-42c3-be53-b40ccc0d351e|     drop table if exists keyword cascade |     drop table if exists keyword cascade 
1768222213325|0|statement|connection 43|url jdbc:h2:mem:cc2b0dc4-79e4-42c3-be53-b40ccc0d351e|     drop table if exists source cascade |     drop table if exists source cascade 
1768222213325|0|statement|connection 43|url jdbc:h2:mem:cc2b0dc4-79e4-42c3-be53-b40ccc0d351e|     drop table if exists "user" cascade |     drop table if exists "user" cascade 
1768222213326|0|statement|connection 43|url jdbc:h2:mem:cc2b0dc4-79e4-42c3-be53-b40ccc0d351e|     drop table if exists user_source cascade |     drop table if exists user_source cascade 
1768277029331|0|statement|connection 43|url jdbc:h2:mem:99ee4195-ff8c-4b39-8b9b-bab8861b4c2e|     drop table if exists bookmark cascade |     drop table if exists bookmark cascade 
1768277029333|0|statement|connection 43|url jdbc:h2:mem:99ee4195-ff8c-4b39-8b9b-bab8861b4c2e|     drop table if exists bookmark_folder cascade |     drop table if exists bookmark_folder cascade 
1768277029333|0|statement|connection 43|url jdbc:h2:mem:99ee4195-ff8c-4b39-8b9b-bab8861b4c2e|     drop table if exists email_verification cascade |     drop table if exists email_verification cascade 
1768277029334|0|statement|connection 43|url jdbc:h2:mem:99ee4195-ff8c-4b39-8b9b-bab8861b4c2e|     drop table if exists keyword cascade |     drop table if exists keyword cascade 
1768277029335|0|statement|connection 43|url jdbc:h2:mem:99ee4195-ff8c-4b39-8b9b-bab8861b4c2e|     drop table if exists source cascade |     drop table if exists source cascade 
1768277029335|0|statement|connection 43|url jdbc:h2:mem:99ee4195-ff8c-4b39-8b9b-bab8861b4c2e|     drop table if exists "user" cascade |     drop table if exists "user" cascade 
1768277029335|0|statement|connection 43|url jdbc:h2:mem:99ee4195-ff8c-4b39-8b9b-bab8861b4c2e|     drop table if exists user_source cascade |     drop table if exists user_source cascade 
1768310242083|0|statement|connection 43|url jdbc:h2:mem:307bbcca-a340-4837-a5c4-87708ba60f87|     drop table if exists bookmark cascade |     drop table if exists bookmark cascade 
1768310242084|0|statement|connection 43|url jdbc:h2:mem:307bbcca-a340-4837-a5c4-87708ba60f87|     drop table if exists bookmark_folder cascade |     drop table if exists bookmark_folder cascade 
1768310242084|0|statement|connection 43|url jdbc:h2:mem:307bbcca-a340-4837-a5c4-87708ba60f87|     drop table if exists email_verification cascade |     drop table if exists email_verification cascade 
1768310242085|0|statement|connection 43|url jdbc:h2:mem:307bbcca-a340-4837-a5c4-87708ba60f87|     drop table if exists keyword cascade |     drop table if exists keyword cascade 
1768310242085|0|statement|connection 43|url jdbc:h2:mem:307bbcca-a340-4837-a5c4-87708ba60f87|     drop table if exists source cascade |     drop table if exists source cascade 
1768310242086|0|statement|connection 43|url jdbc:h2:mem:307bbcca-a340-4837-a5c4-87708ba60f87|     drop table if exists "user" cascade |     drop table if exists "user" cascade 
1768310242086|0|statement|connection 43|url jdbc:h2:mem:307bbcca-a340-4837-a5c4-87708ba60f87|     drop table if exists user_source cascade |     drop table if exists user_source cascade 
1768310419456|0|statement|connection 43|url jdbc:h2:mem:b0d13298-3236-4ede-9500-6ac92a34da54|     drop table if exists bookmark cascade |     drop table if exists bookmark cascade 
1768310419457|0|statement|connection 43|url jdbc:h2:mem:b0d13298-3236-4ede-9500-6ac92a34da54|     drop table if exists bookmark_folder cascade |     drop table if exists bookmark_folder cascade 
1768310419458|0|statement|connection 43|url jdbc:h2:mem:b0d13298-3236-4ede-9500-6ac92a34da54|     drop table if exists email_verification cascade |     drop table if exists email_verification cascade 
1768310419458|0|statement|connection 43|url jdbc:h2:mem:b0d13298-3236-4ede-9500-6ac92a34da54|     drop table if exists keyword cascade |     drop table if exists keyword cascade 
1768310419458|0|statement|connection 43|url jdbc:h2:mem:b0d13298-3236-4ede-9500-6ac92a34da54|     drop table if exists source cascade |     drop table if exists source cascade 
1768310419459|0|statement|connection 43|url jdbc:h2:mem:b0d13298-3236-4ede-9500-6ac92a34da54|     drop table if exists "user" cascade |     drop table if exists "user" cascade 
1768310419459|0|statement|connection 43|url jdbc:h2:mem:b0d13298-3236-4ede-9500-6ac92a34da54|     drop table if exists user_source cascade |     drop table if exists user_source cascade 
1768310629875|1|statement|connection 46|url jdbc:h2:mem:c97c37ef-fc2e-4eae-b7c5-3f1c9c9acd54|     drop table if exists bookmark cascade |     drop table if exists bookmark cascade 
1768310629878|0|statement|connection 46|url jdbc:h2:mem:c97c37ef-fc2e-4eae-b7c5-3f1c9c9acd54|     drop table if exists bookmark_folder cascade |     drop table if exists bookmark_folder cascade 
1768310629878|0|statement|connection 46|url jdbc:h2:mem:c97c37ef-fc2e-4eae-b7c5-3f1c9c9acd54|     drop table if exists email_verification cascade |     drop table if exists email_verification cascade 
1768310629879|0|statement|connection 46|url jdbc:h2:mem:c97c37ef-fc2e-4eae-b7c5-3f1c9c9acd54|     drop table if exists keyword cascade |     drop table if exists keyword cascade 
1768310629879|0|statement|connection 46|url jdbc:h2:mem:c97c37ef-fc2e-4eae-b7c5-3f1c9c9acd54|     drop table if exists source cascade |     drop table if exists source cascade 
1768310629880|0|statement|connection 46|url jdbc:h2:mem:c97c37ef-fc2e-4eae-b7c5-3f1c9c9acd54|     drop table if exists "user" cascade |     drop table if exists "user" cascade 
1768310629880|0|statement|connection 46|url jdbc:h2:mem:c97c37ef-fc2e-4eae-b7c5-3f1c9c9acd54|     drop table if exists user_source cascade |     drop table if exists user_source cascade 
1768459550484|0|statement|connection 44|url jdbc:h2:mem:0d34fe40-47cc-4af5-90bb-4b6e1ddf7762|     drop table if exists bookmark cascade |     drop table if exists bookmark cascade 
1768459550486|0|statement|connection 44|url jdbc:h2:mem:0d34fe40-47cc-4af5-90bb-4b6e1ddf7762|     drop table if exists bookmark_folder cascade |     drop table if exists bookmark_folder cascade 
1768459550487|0|statement|connection 44|url jdbc:h2:mem:0d34fe40-47cc-4af5-90bb-4b6e1ddf7762|     drop table if exists email_verification cascade |     drop table if exists email_verification cascade 
1768459550487|0|statement|connection 44|url jdbc:h2:mem:0d34fe40-47cc-4af5-90bb-4b6e1ddf7762|     drop table if exists keyword cascade |     drop table if exists keyword cascade 
1768459550488|0|statement|connection 44|url jdbc:h2:mem:0d34fe40-47cc-4af5-90bb-4b6e1ddf7762|     drop table if exists source cascade |     drop table if exists source cascade 
1768459550488|0|statement|connection 44|url jdbc:h2:mem:0d34fe40-47cc-4af5-90bb-4b6e1ddf7762|     drop table if exists "user" cascade |     drop table if exists "user" cascade 
1768459550489|0|statement|connection 44|url jdbc:h2:mem:0d34fe40-47cc-4af5-90bb-4b6e1ddf7762|     drop table if exists user_source cascade |     drop table if exists user_source cascade 
1768459679257|0|statement|connection 44|url jdbc:h2:mem:testdb|     drop table if exists bookmark cascade |     drop table if exists bookmark cascade 
1768459679259|0|statement|connection 44|url jdbc:h2:mem:testdb|     drop table if exists bookmark_folder cascade |     drop table if exists bookmark_folder cascade 
1768459679259|0|statement|connection 44|url jdbc:h2:mem:testdb|     drop table if exists email_verification cascade |     drop table if exists email_verification cascade 
1768459679259|0|statement|connection 44|url jdbc:h2:mem:testdb|     drop table if exists keyword cascade |     drop table if exists keyword cascade 
1768459679259|0|statement|connection 44|url jdbc:h2:mem:testdb|     drop table if exists source cascade |     drop table if exists source cascade 
1768459679260|0|statement|connection 44|url jdbc:h2:mem:testdb|     drop table if exists "user" cascade |     drop table if exists "user" cascade 
1768459679260|0|statement|connection 44|url jdbc:h2:mem:testdb|     drop table if exists user_source cascade |     drop table if exists user_source cascade 
1768459773112|117|statement|connection 44|url jdbc:h2:mem:testdb|     drop table if exists bookmark cascade |     drop table if exists bookmark cascade 
1768459773152|13|statement|connection 44|url jdbc:h2:mem:testdb|     drop table if exists bookmark_folder cascade |     drop table if exists bookmark_folder cascade 
1768459773152|0|statement|connection 44|url jdbc:h2:mem:testdb|     drop table if exists email_verification cascade |     drop table if exists email_verification cascade 
1768459773153|0|statement|connection 44|url jdbc:h2:mem:testdb|     drop table if exists keyword cascade |     drop table if exists keyword cascade 
1768459773153|0|statement|connection 44|url jdbc:h2:mem:testdb|     drop table if exists source cascade |     drop table if exists source cascade 
1768459773154|0|statement|connection 44|url jdbc:h2:mem:testdb|     drop table if exists "user" cascade |     drop table if exists "user" cascade 
1768459773155|0|statement|connection 44|url jdbc:h2:mem:testdb|     drop table if exists user_source cascade |     drop table if exists user_source cascade 
1768463685062|0|statement|connection 44|url jdbc:h2:mem:394e7728-79af-4468-9aab-de9e8bafb20c|     drop table if exists bookmark cascade |     drop table if exists bookmark cascade 
1768463685064|0|statement|connection 44|url jdbc:h2:mem:394e7728-79af-4468-9aab-de9e8bafb20c|     drop table if exists bookmark_folder cascade |     drop table if exists bookmark_folder cascade 
1768463685064|0|statement|connection 44|url jdbc:h2:mem:394e7728-79af-4468-9aab-de9e8bafb20c|     drop table if exists email_verification cascade |     drop table if exists email_verification cascade 
1768463685065|0|statement|connection 44|url jdbc:h2:mem:394e7728-79af-4468-9aab-de9e8bafb20c|     drop table if exists keyword cascade |     drop table if exists keyword cascade 
1768463685066|0|statement|connection 44|url jdbc:h2:mem:394e7728-79af-4468-9aab-de9e8bafb20c|     drop table if exists source cascade |     drop table if exists source cascade 
1768463685066|0|statement|connection 44|url jdbc:h2:mem:394e7728-79af-4468-9aab-de9e8bafb20c|     drop table if exists "user" cascade |     drop table if exists "user" cascade 
1768463685067|0|statement|connection 44|url jdbc:h2:mem:394e7728-79af-4468-9aab-de9e8bafb20c|     drop table if exists user_source cascade |     drop table if exists user_source cascade 
1768463921435|0|statement|connection 44|url jdbc:h2:mem:9fb93e2f-0636-44a0-99e4-d62eb2631566|     drop table if exists bookmark cascade |     drop table if exists bookmark cascade 
1768463921436|0|statement|connection 44|url jdbc:h2:mem:9fb93e2f-0636-44a0-99e4-d62eb2631566|     drop table if exists bookmark_folder cascade |     drop table if exists bookmark_folder cascade 
1768463921437|0|statement|connection 44|url jdbc:h2:mem:9fb93e2f-0636-44a0-99e4-d62eb2631566|     drop table if exists email_verification cascade |     drop table if exists email_verification cascade 
1768463921437|0|statement|connection 44|url jdbc:h2:mem:9fb93e2f-0636-44a0-99e4-d62eb2631566|     drop table if exists keyword cascade |     drop table if exists keyword cascade 
1768463921437|0|statement|connection 44|url jdbc:h2:mem:9fb93e2f-0636-44a0-99e4-d62eb2631566|     drop table if exists source cascade |     drop table if exists source cascade 
1768463921437|0|statement|connection 44|url jdbc:h2:mem:9fb93e2f-0636-44a0-99e4-d62eb2631566|     drop table if exists "user" cascade |     drop table if exists "user" cascade 
1768463921438|0|statement|connection 44|url jdbc:h2:mem:9fb93e2f-0636-44a0-99e4-d62eb2631566|     drop table if exists user_source cascade |     drop table if exists user_source cascade 
1768607964922|3|statement|connection 44|url jdbc:h2:mem:419a53fe-4a95-4dca-8886-82f4c42f8754|     drop table if exists bookmark cascade |     drop table if exists bookmark cascade 
1768607964924|0|statement|connection 44|url jdbc:h2:mem:419a53fe-4a95-4dca-8886-82f4c42f8754|     drop table if exists bookmark_folder cascade |     drop table if exists bookmark_folder cascade 
1768607964924|0|statement|connection 44|url jdbc:h2:mem:419a53fe-4a95-4dca-8886-82f4c42f8754|     drop table if exists email_verification cascade |     drop table if exists email_verification cascade 
1768607964925|0|statement|connection 44|url jdbc:h2:mem:419a53fe-4a95-4dca-8886-82f4c42f8754|     drop table if exists keyword cascade |     drop table if exists keyword cascade 
1768607964926|0|statement|connection 44|url jdbc:h2:mem:419a53fe-4a95-4dca-8886-82f4c42f8754|     drop table if exists source cascade |     drop table if exists source cascade 
1768607964926|0|statement|connection 44|url jdbc:h2:mem:419a53fe-4a95-4dca-8886-82f4c42f8754|     drop table if exists "user" cascade |     drop table if exists "user" cascade 
1768607964927|0|statement|connection 44|url jdbc:h2:mem:419a53fe-4a95-4dca-8886-82f4c42f8754|     drop table if exists user_source cascade |     drop table if exists user_source cascade 
1768608033281|0|statement|connection 44|url jdbc:h2:mem:68c47411-1764-4662-809a-07cac58ed46a|     drop table if exists bookmark cascade |     drop table if exists bookmark cascade 
1768608033283|0|statement|connection 44|url jdbc:h2:mem:68c47411-1764-4662-809a-07cac58ed46a|     drop table if exists bookmark_folder cascade |     drop table if exists bookmark_folder cascade 
1768608033283|0|statement|connection 44|url jdbc:h2:mem:68c47411-1764-4662-809a-07cac58ed46a|     drop table if exists email_verification cascade |     drop table if exists email_verification cascade 
1768608033283|0|statement|connection 44|url jdbc:h2:mem:68c47411-1764-4662-809a-07cac58ed46a|     drop table if exists keyword cascade |     drop table if exists keyword cascade 
1768608033284|0|statement|connection 44|url jdbc:h2:mem:68c47411-1764-4662-809a-07cac58ed46a|     drop table if exists source cascade |     drop table if exists source cascade 
1768608033284|0|statement|connection 44|url jdbc:h2:mem:68c47411-1764-4662-809a-07cac58ed46a|     drop table if exists "user" cascade |     drop table if exists "user" cascade 
1768608033285|0|statement|connection 44|url jdbc:h2:mem:68c47411-1764-4662-809a-07cac58ed46a|     drop table if exists user_source cascade |     drop table if exists user_source cascade 
